User name: NROCHA1
User password: 1234
User permission: elraw
User home directory: C:\FTP SERVER\Users\NROCHA1
----------------------------------------------------------------------
User name: RMENEZES9
User password: 4971
User permission: elraw
User home directory: C:\FTP SERVER\Users\RMENEZES9
----------------------------------------------------------------------
User name: LCARDOSO3
User password: 9951
User permission: elraw
User home directory: C:\FTP SERVER\Users\LCARDOSO3
----------------------------------------------------------------------
User name: FCOSTA4
User password: 2831
User permission: elraw
User home directory: C:\FTP SERVER\Users\FCOSTA4
----------------------------------------------------------------------
User name: JVITOR1
User password: 9522
User permission: elraw
User home directory: C:\FTP SERVER\Users\JVITOR1
----------------------------------------------------------------------
User name: BCEFAS4
User password: 1986
User permission: elraw
User home directory: C:\FTP SERVER\Users\BCEFAS4
----------------------------------------------------------------------
User name: EAMORIM6
User password: 7399
User permission: elraw
User home directory: C:\FTP SERVER\Users\EAMORIM6
----------------------------------------------------------------------
User name: GNOBREGA6
User password: 5632
User permission: elraw
User home directory: C:\FTP SERVER\Users\GNOBREGA6
----------------------------------------------------------------------
User name: RVENANCIO1
User password: 6860
User permission: elraw
User home directory: C:\FTP SERVER\Users\RVENANCIO1
----------------------------------------------------------------------
User name: NSANTOS5
User password: 3110
User permission: elraw
User home directory: C:\Users\iruiz1\Desktop\FTP SERVER\Users\NSANTOS5
----------------------------------------------------------------------
User name: GGENTILE4
User password: 7422
User permission: elraw
User home directory: C:\Users\iruiz1\Desktop\FTP SERVER\Users\GGENTILE4
----------------------------------------------------------------------
User name: CVIANA8
User password: 6157
User permission: elraw
User home directory: C:\Users\iruiz1\Desktop\FTP SERVER\Users\CVIANA8
----------------------------------------------------------------------
User name: MMARTINS3
User password: 7207
User permission: elraw
User home directory: C:\Users\iruiz1\Desktop\FTP SERVER\Users\MMARTINS3
----------------------------------------------------------------------
User name: GFERNANDA4
User password: 4523
User permission: elraw
User home directory: C:\Users\iruiz1\Desktop\Python\projetos\protocols\FTP\FTP SERVER\Users\GFERNANDA4
----------------------------------------------------------------------
